
Showing logs for build [32mcb-kubecd-bdd-ghfjxy-import-156-1[0m stage [32mmeta-pipeline[0m and container [32mstep-credential-initializer-bjvgz[0m
{"level":"warn","ts":1568811173.45105,"logger":"fallback-logger","caller":"logging/config.go:69","msg":"Fetch GitHub commit ID from kodata failed: \"ref: refs/heads/master\" is not a valid GitHub commit ID"}
{"level":"info","ts":1568811173.4516687,"logger":"fallback-logger","caller":"creds-init/main.go:40","msg":"Credentials initialized."}

Showing logs for build [32mcb-kubecd-bdd-ghfjxy-import-156-1[0m stage [32mmeta-pipeline[0m and container [32mstep-working-dir-initializer-ddd88[0m
{"level":"warn","ts":1568811174.4652135,"logger":"fallback-logger","caller":"logging/config.go:69","msg":"Fetch GitHub commit ID from kodata failed: open /var/run/ko/HEAD: no such file or directory"}
{"level":"info","ts":1568811174.4667194,"logger":"fallback-logger","caller":"bash/main.go:65","msg":"Successfully executed command \"mkdir -p /workspace/source\""}

Showing logs for build [32mcb-kubecd-bdd-ghfjxy-import-156-1[0m stage [32mmeta-pipeline[0m and container [32mstep-place-tools[0m

Showing logs for build [32mcb-kubecd-bdd-ghfjxy-import-156-1[0m stage [32mmeta-pipeline[0m and container [32mstep-git-source-meta-cb-kubecd-bdd-ghfjxy-impor-qjtjg[0m
{"level":"warn","ts":1568811180.6798933,"logger":"fallback-logger","caller":"logging/config.go:69","msg":"Fetch GitHub commit ID from kodata failed: \"ref: refs/heads/master\" is not a valid GitHub commit ID"}
{"level":"info","ts":1568811181.7628076,"logger":"fallback-logger","caller":"git/git.go:102","msg":"Successfully cloned https://github.com/cb-kubecd/bdd-ghf**y-import-1568810196.git @ 102380d42526676b97f90a24b6bd0106eeda1942 in path /workspace/source"}

Showing logs for build [32mcb-kubecd-bdd-ghfjxy-import-156-1[0m stage [32mmeta-pipeline[0m and container [32mstep-git-merge[0m
Using SHAs from PULL_REFS=master:102380d42526676b97f90a24b6bd0106eeda1942
WARNING: no SHAs to merge, falling back to initial cloned commit

Showing logs for build [32mcb-kubecd-bdd-ghfjxy-import-156-1[0m stage [32mmeta-pipeline[0m and container [32mstep-merge-pull-refs[0m
SKIP merge-pull-refs: Nothing to merge

Showing logs for build [32mcb-kubecd-bdd-ghfjxy-import-156-1[0m stage [32mmeta-pipeline[0m and container [32mstep-create-effective-pipeline[0m
Deleting and cloning the Jenkins X versions repo
Cloning the Jenkins X versions repo https://github.com/jenkins-x/jenkins-x-versions.git with revision 4997ef3fdc012aa4a26a55da83a4830a4fe0f32d to /builder/home/.**/jenkins-x-versions
From https://github.com/jenkins-x/jenkins-x-versions
 * branch            4997ef3fdc012aa4a26a55da83a4830a4fe0f32d -> FETCH_HEAD
performing pack detection in folder /workspace/source
--> Draft detected YAML (67.859684%)
--> Could not find a pack for YAML. Trying to find the next likely language match...
--> Draft detected RPM Spec (14.835634%)
--> Could not find a pack for RPM Spec. Trying to find the next likely language match...
--> Draft detected Coq (6.745411%)
--> Could not find a pack for Coq. Trying to find the next likely language match...
--> Draft detected Smarty (3.671553%)
--> Could not find a pack for Smarty. Trying to find the next likely language match...
--> Draft detected Go (2.881742%)
selected pack: /builder/home/.**/draft/packs/github.com/jenkins-x-buildpacks/jenkins-x-kubernetes/packs/go
Effective pipeline written to jenkins-x-effective.yml

Showing logs for build [32mcb-kubecd-bdd-ghfjxy-import-156-1[0m stage [32mmeta-pipeline[0m and container [32mstep-create-tekton-crds[0m
Deleting and cloning the Jenkins X versions repo
Cloning the Jenkins X versions repo https://github.com/jenkins-x/jenkins-x-versions.git with revision 4997ef3fdc012aa4a26a55da83a4830a4fe0f32d to /builder/home/.**/jenkins-x-versions
From https://github.com/jenkins-x/jenkins-x-versions
 * branch            4997ef3fdc012aa4a26a55da83a4830a4fe0f32d -> FETCH_HEAD
running command: echo \$(**-release-version) > VERSION

running command: ** step tag --version \$(cat VERSION)
Updating chart version in charts/bdd-ghf**y-import-1568810196/Chart.yaml to 0.0.1
Updating repository in charts/bdd-ghf**y-import-1568810196/values.yaml to gcr.io/jenkins-x-bdd3/bdd-ghf**y-import-1568810196
Updating tag in charts/bdd-ghf**y-import-1568810196/values.yaml to 0.0.1
Tag v0.0.1 created and pushed to remote origin

PipelineActivity for cb-kubecd-bdd-ghf**y-import-1568810196-master-1
Applying changes 
upserted PipelineResource cb-kubecd-bdd-ghf**y-import-156 for the git repository https://github.com/cb-kubecd/bdd-ghf**y-import-1568810196.git
upserted Task cb-kubecd-bdd-ghf**y-import-156-run-make-1
upserted Task cb-kubecd-bdd-ghf**y-import-156-everything-else-1
upserted Pipeline cb-kubecd-bdd-ghf**y-import-156-1
created PipelineRun cb-kubecd-bdd-ghf**y-import-156-1
created PipelineStructure cb-kubecd-bdd-ghf**y-import-156-1

Showing logs for build [32mcb-kubecd-bdd-ghfjxy-import-156-1[0m stage [32mrun-make[0m and container [32mstep-credential-initializer-zz5pc[0m
{"level":"warn","ts":1568811213.4190521,"logger":"fallback-logger","caller":"logging/config.go:69","msg":"Fetch GitHub commit ID from kodata failed: \"ref: refs/heads/master\" is not a valid GitHub commit ID"}
{"level":"info","ts":1568811213.4196043,"logger":"fallback-logger","caller":"creds-init/main.go:40","msg":"Credentials initialized."}

Showing logs for build [32mcb-kubecd-bdd-ghfjxy-import-156-1[0m stage [32mrun-make[0m and container [32mstep-working-dir-initializer-j6m7x[0m
{"level":"warn","ts":1568811214.918818,"logger":"fallback-logger","caller":"logging/config.go:69","msg":"Fetch GitHub commit ID from kodata failed: open /var/run/ko/HEAD: no such file or directory"}
{"level":"info","ts":1568811214.920442,"logger":"fallback-logger","caller":"bash/main.go:65","msg":"Successfully executed command \"mkdir -p /workspace/source\""}

Showing logs for build [32mcb-kubecd-bdd-ghfjxy-import-156-1[0m stage [32mrun-make[0m and container [32mstep-place-tools[0m

Showing logs for build [32mcb-kubecd-bdd-ghfjxy-import-156-1[0m stage [32mrun-make[0m and container [32mstep-git-source-cb-kubecd-bdd-ghfjxy-import-156-sq8l7[0m
{"level":"warn","ts":1568811222.0309932,"logger":"fallback-logger","caller":"logging/config.go:69","msg":"Fetch GitHub commit ID from kodata failed: \"ref: refs/heads/master\" is not a valid GitHub commit ID"}
{"level":"info","ts":1568811223.1123822,"logger":"fallback-logger","caller":"git/git.go:102","msg":"Successfully cloned https://github.com/cb-kubecd/bdd-ghf**y-import-1568810196.git @ v0.0.1 in path /workspace/source"}

Showing logs for build [32mcb-kubecd-bdd-ghfjxy-import-156-1[0m stage [32mrun-make[0m and container [32mstep-git-merge[0m
Using SHAs from PULL_REFS=master:102380d42526676b97f90a24b6bd0106eeda1942
WARNING: no SHAs to merge, falling back to initial cloned commit

Showing logs for build [32mcb-kubecd-bdd-ghfjxy-import-156-1[0m stage [32mrun-make[0m and container [32mstep-setup-jx-git-credentials[0m
Generated Git credentials file /workspace/xdg_config/git/credentials

Showing logs for build [32mcb-kubecd-bdd-ghfjxy-import-156-1[0m stage [32mrun-make[0m and container [32mstep-build-make-build[0m
CGO_ENABLED=0 GO15VENDOREXPERIMENT=1 go build -ldflags '' -o bin/bdd-ghf**y-import-1568810196 main.go

Showing logs for build [32mcb-kubecd-bdd-ghfjxy-import-156-1[0m stage [32mrun-make[0m and container [32mstep-source-mkdir-cb-kubecd-bdd-ghfjxy-import-156-tmnqb[0m
{"level":"warn","ts":1568811231.9743025,"logger":"fallback-logger","caller":"logging/config.go:69","msg":"Fetch GitHub commit ID from kodata failed: open /var/run/ko/HEAD: no such file or directory"}
{"level":"info","ts":1568811232.0025856,"logger":"fallback-logger","caller":"bash/main.go:65","msg":"Successfully executed command \"mkdir -p /pvc/run-make/workspace\""}

Showing logs for build [32mcb-kubecd-bdd-ghfjxy-import-156-1[0m stage [32mrun-make[0m and container [32mstep-source-copy-cb-kubecd-bdd-ghfjxy-import-156-bqn6b[0m
{"level":"warn","ts":1568811232.3932061,"logger":"fallback-logger","caller":"logging/config.go:69","msg":"Fetch GitHub commit ID from kodata failed: open /var/run/ko/HEAD: no such file or directory"}
{"level":"info","ts":1568811232.4093096,"logger":"fallback-logger","caller":"bash/main.go:65","msg":"Successfully executed command \"cp -r /workspace/source/. /pvc/run-make/workspace\""}

Showing logs for build [32mcb-kubecd-bdd-ghfjxy-import-156-1[0m stage [32meverything-else[0m and container [32mstep-credential-initializer-wz9hl[0m
{"level":"warn","ts":1568811243.8631053,"logger":"fallback-logger","caller":"logging/config.go:69","msg":"Fetch GitHub commit ID from kodata failed: \"ref: refs/heads/master\" is not a valid GitHub commit ID"}
{"level":"info","ts":1568811243.863913,"logger":"fallback-logger","caller":"creds-init/main.go:40","msg":"Credentials initialized."}

Showing logs for build [32mcb-kubecd-bdd-ghfjxy-import-156-1[0m stage [32meverything-else[0m and container [32mstep-working-dir-initializer-dvcx2[0m
{"level":"warn","ts":1568811245.333496,"logger":"fallback-logger","caller":"logging/config.go:69","msg":"Fetch GitHub commit ID from kodata failed: open /var/run/ko/HEAD: no such file or directory"}
{"level":"info","ts":1568811245.340371,"logger":"fallback-logger","caller":"bash/main.go:65","msg":"Successfully executed command \"mkdir -p /workspace/source /workspace/source/charts/bdd-ghf**y-import-1568810196\""}

Showing logs for build [32mcb-kubecd-bdd-ghfjxy-import-156-1[0m stage [32meverything-else[0m and container [32mstep-place-tools[0m

Showing logs for build [32mcb-kubecd-bdd-ghfjxy-import-156-1[0m stage [32meverything-else[0m and container [32mstep-create-dir-workspace-d5mwv[0m
{"level":"warn","ts":1568811252.4650097,"logger":"fallback-logger","caller":"logging/config.go:69","msg":"Fetch GitHub commit ID from kodata failed: open /var/run/ko/HEAD: no such file or directory"}
{"level":"info","ts":1568811252.4662704,"logger":"fallback-logger","caller":"bash/main.go:65","msg":"Successfully executed command \"mkdir -p /workspace/source\""}

Showing logs for build [32mcb-kubecd-bdd-ghfjxy-import-156-1[0m stage [32meverything-else[0m and container [32mstep-source-copy-workspace-mj45p[0m
{"level":"warn","ts":1568811252.9502828,"logger":"fallback-logger","caller":"logging/config.go:69","msg":"Fetch GitHub commit ID from kodata failed: open /var/run/ko/HEAD: no such file or directory"}
{"level":"info","ts":1568811253.3028457,"logger":"fallback-logger","caller":"bash/main.go:65","msg":"Successfully executed command \"cp -r /pvc/run-make/workspace/. /workspace/source\""}

Showing logs for build [32mcb-kubecd-bdd-ghfjxy-import-156-1[0m stage [32meverything-else[0m and container [32mstep-build-container-build[0m
[36mINFO[0m[0000] No base image, nothing to extract            
[36mINFO[0m[0000] cmd: EXPOSE                                  
[36mINFO[0m[0000] Adding exposed port: 8080/tcp                
[36mINFO[0m[0000] Using files from context: [/workspace/source/bin] 
[36mINFO[0m[0000] Skipping unpacking as no commands require it. 
[36mINFO[0m[0000] Taking snapshot of full filesystem...        
[36mINFO[0m[0000] EXPOSE 8080                                  
[36mINFO[0m[0000] cmd: EXPOSE                                  
[36mINFO[0m[0000] Adding exposed port: 8080/tcp                
[36mINFO[0m[0000] No files changed in this command, skipping snapshotting. 
[36mINFO[0m[0000] ENTRYPOINT ["/bdd-ghf**y-import-1568810196"] 
[36mINFO[0m[0000] No files changed in this command, skipping snapshotting. 
[36mINFO[0m[0000] Using files from context: [/workspace/source/bin] 
[36mINFO[0m[0000] COPY ./bin/ /                                
[36mINFO[0m[0000] Taking snapshot of files...                  
2019/09/18 12:54:17 pushed blob: sha256:c9cc3b21a4efeb97cc66bd5b200aca2201c0d1e94f98d1280e7976be92d3b202
2019/09/18 12:54:18 pushed blob: sha256:c56be037319e9e3761d11eaacfddfb677b1284c5e0c3ee07b4698a6e0bca33c5
2019/09/18 12:54:20 gcr.io/jenkins-x-bdd3/bdd-ghf**y-import-1568810196:0.0.1: digest: sha256:537cc24f93c4fc1e8327fcb0ecd9fd8952044d9a1cdfe2c67ab4fd9b2c687d5f size: 428

Showing logs for build [32mcb-kubecd-bdd-ghfjxy-import-156-1[0m stage [32meverything-else[0m and container [32mstep-build-post-build[0m
no CVE provider running in the current ** namespace so skip adding image to be analysed

Showing logs for build [32mcb-kubecd-bdd-ghfjxy-import-156-1[0m stage [32meverything-else[0m and container [32mstep-promote-changelog[0m
Converted /workspace/source to an unshallow repository
no previous commit version found so change diff unavailable

Showing logs for build [32mcb-kubecd-bdd-ghfjxy-import-156-1[0m stage [32meverything-else[0m and container [32mstep-promote-helm-release[0m
WARNING: No $CHART_REPOSITORY defined so using the default value of: http://jenkins-x-chartmuseum:8080
Adding missing Helm repo: storage.googleapis.com https://storage.googleapis.com/chartmuseum.jenkins-x.io
Successfully added Helm repository storage.googleapis.com.
Adding missing Helm repo: jenkins-x-chartmuseum http://jenkins-x-chartmuseum:8080
Successfully added Helm repository jenkins-x-chartmuseum.
WARNING: No $CHART_REPOSITORY defined so using the default value of: http://jenkins-x-chartmuseum:8080
Uploading chart file bdd-ghf**y-import-1568810196-0.0.1.tgz to http://jenkins-x-chartmuseum:8080/api/charts
Received 201 response: {"saved":true}

Showing logs for build [32mcb-kubecd-bdd-ghfjxy-import-156-1[0m stage [32meverything-else[0m and container [32mstep-promote-jx-promote[0m
WARNING: prow based install so skip waiting for the merge of Pull Requests to go green as currently there is an issue with gettingstatuses from the PR, see https://github.com/jenkins-x/**/issues/2410
Promoting app bdd-ghf**y-import-1568810196 version 0.0.1 to namespace **-staging
Created Pull Request: https://github.com/cb-kubecd/environment-pr-511-3-tekton-gkebdd-staging/pull/6
Pull Request https://github.com/cb-kubecd/environment-pr-511-3-tekton-gkebdd-staging/pull/6 is merged at sha 69a0b60d37e3f2fe04defa868d3387145d34a179
Pull Request merged but we are not waiting for the update pipeline to complete!
WARNING: Could not find the service URL in namespace **-staging for names bdd-ghf**y-import-1568810196, **-bdd-ghf**y-import-1568810196, **-staging-bdd-ghf**y-import-1568810196
